Determining if the __GLIBC__ exist failed with the following output:
Change Dir: /home/harveylwo/android_sdl_pract/app/.cxx/RelWithDebInfo/1t2v3q20/arm64-v8a/CMakeFiles/CMakeTmp

Run Build Command(s):/home/harveylwo/android_sdk_root/cmake/3.22.1/bin/ninja cmTC_3b172 && [1/2] Building C object CMakeFiles/cmTC_3b172.dir/CheckSymbolExists.c.o
FAILED: CMakeFiles/cmTC_3b172.dir/CheckSymbolExists.c.o 
/home/harveylwo/android_sdk_root/ndk/27.0.12077973/toolchains/llvm/prebuilt/linux-x86_64/bin/clang --target=aarch64-none-linux-android21 --sysroot=/home/harveylwo/android_sdk_root/ndk/27.0.12077973/toolchains/llvm/prebuilt/linux-x86_64/sysroot   -g -DANDROID -fdata-sections -ffunction-sections -funwind-tables -fstack-protector-strong -no-canonical-prefixes -D_FORTIFY_SOURCE=2 -Wformat -Werror=format-security   -D_GNU_SOURCE=1 -fPIE -MD -MT CMakeFiles/cmTC_3b172.dir/CheckSymbolExists.c.o -MF CMakeFiles/cmTC_3b172.dir/CheckSymbolExists.c.o.d -o CMakeFiles/cmTC_3b172.dir/CheckSymbolExists.c.o -c /home/harveylwo/android_sdl_pract/app/.cxx/RelWithDebInfo/1t2v3q20/arm64-v8a/CMakeFiles/CMakeTmp/CheckSymbolExists.c
/home/harveylwo/android_sdl_pract/app/.cxx/RelWithDebInfo/1t2v3q20/arm64-v8a/CMakeFiles/CMakeTmp/CheckSymbolExists.c:8:19: error: use of undeclared identifier '__GLIBC__'
    8 |   return ((int*)(&__GLIBC__))[argc];
      |                   ^
1 error generated.
ninja: build stopped: subcommand failed.


File /home/harveylwo/android_sdl_pract/app/.cxx/RelWithDebInfo/1t2v3q20/arm64-v8a/CMakeFiles/CMakeTmp/CheckSymbolExists.c:
/* */
#include <stdlib.h>

int main(int argc, char** argv)
{
  (void)argv;
#ifndef __GLIBC__
  return ((int*)(&__GLIBC__))[argc];
#else
  (void)argc;
  return 0;
#endif
}
Determining if the fopen64 exist failed with the following output:
Change Dir: /home/harveylwo/android_sdl_pract/app/.cxx/RelWithDebInfo/1t2v3q20/arm64-v8a/CMakeFiles/CMakeTmp

Run Build Command(s):/home/harveylwo/android_sdk_root/cmake/3.22.1/bin/ninja cmTC_155ed && [1/2] Building C object CMakeFiles/cmTC_155ed.dir/CheckSymbolExists.c.o
FAILED: CMakeFiles/cmTC_155ed.dir/CheckSymbolExists.c.o 
/home/harveylwo/android_sdk_root/ndk/27.0.12077973/toolchains/llvm/prebuilt/linux-x86_64/bin/clang --target=aarch64-none-linux-android21 --sysroot=/home/harveylwo/android_sdk_root/ndk/27.0.12077973/toolchains/llvm/prebuilt/linux-x86_64/sysroot   -g -DANDROID -fdata-sections -ffunction-sections -funwind-tables -fstack-protector-strong -no-canonical-prefixes -D_FORTIFY_SOURCE=2 -Wformat -Werror=format-security   -D_GNU_SOURCE=1 -fPIE -MD -MT CMakeFiles/cmTC_155ed.dir/CheckSymbolExists.c.o -MF CMakeFiles/cmTC_155ed.dir/CheckSymbolExists.c.o.d -o CMakeFiles/cmTC_155ed.dir/CheckSymbolExists.c.o -c /home/harveylwo/android_sdl_pract/app/.cxx/RelWithDebInfo/1t2v3q20/arm64-v8a/CMakeFiles/CMakeTmp/CheckSymbolExists.c
/home/harveylwo/android_sdl_pract/app/.cxx/RelWithDebInfo/1t2v3q20/arm64-v8a/CMakeFiles/CMakeTmp/CheckSymbolExists.c:26:19: error: use of undeclared identifier 'fopen64'; did you mean 'fopen'?
   26 |   return ((int*)(&fopen64))[argc];
      |                   ^~~~~~~
      |                   fopen
/home/harveylwo/android_sdk_root/ndk/27.0.12077973/toolchains/llvm/prebuilt/linux-x86_64/sysroot/usr/include/stdio.h:267:17: note: 'fopen' declared here
  267 | FILE* _Nullable fopen(const char* _Nonnull __path, const char* _Nonnull __mode);
      |                 ^
1 error generated.
ninja: build stopped: subcommand failed.


File /home/harveylwo/android_sdl_pract/app/.cxx/RelWithDebInfo/1t2v3q20/arm64-v8a/CMakeFiles/CMakeTmp/CheckSymbolExists.c:
/* */
#include <float.h>
#include <iconv.h>
#include <inttypes.h>
#include <limits.h>
#include <malloc.h>
#include <math.h>
#include <memory.h>
#include <signal.h>
#include <stdarg.h>
#include <stdbool.h>
#include <stddef.h>
#include <stdint.h>
#include <stdio.h>
#include <stdlib.h>
#include <string.h>
#include <strings.h>
#include <sys/types.h>
#include <time.h>
#include <wchar.h>

int main(int argc, char** argv)
{
  (void)argv;
#ifndef fopen64
  return ((int*)(&fopen64))[argc];
#else
  (void)argc;
  return 0;
#endif
}
Determining if the fseeko64 exist failed with the following output:
Change Dir: /home/harveylwo/android_sdl_pract/app/.cxx/RelWithDebInfo/1t2v3q20/arm64-v8a/CMakeFiles/CMakeTmp

Run Build Command(s):/home/harveylwo/android_sdk_root/cmake/3.22.1/bin/ninja cmTC_7ce00 && [1/2] Building C object CMakeFiles/cmTC_7ce00.dir/CheckSymbolExists.c.o
FAILED: CMakeFiles/cmTC_7ce00.dir/CheckSymbolExists.c.o 
/home/harveylwo/android_sdk_root/ndk/27.0.12077973/toolchains/llvm/prebuilt/linux-x86_64/bin/clang --target=aarch64-none-linux-android21 --sysroot=/home/harveylwo/android_sdk_root/ndk/27.0.12077973/toolchains/llvm/prebuilt/linux-x86_64/sysroot   -g -DANDROID -fdata-sections -ffunction-sections -funwind-tables -fstack-protector-strong -no-canonical-prefixes -D_FORTIFY_SOURCE=2 -Wformat -Werror=format-security   -D_GNU_SOURCE=1 -fPIE -MD -MT CMakeFiles/cmTC_7ce00.dir/CheckSymbolExists.c.o -MF CMakeFiles/cmTC_7ce00.dir/CheckSymbolExists.c.o.d -o CMakeFiles/cmTC_7ce00.dir/CheckSymbolExists.c.o -c /home/harveylwo/android_sdl_pract/app/.cxx/RelWithDebInfo/1t2v3q20/arm64-v8a/CMakeFiles/CMakeTmp/CheckSymbolExists.c
/home/harveylwo/android_sdl_pract/app/.cxx/RelWithDebInfo/1t2v3q20/arm64-v8a/CMakeFiles/CMakeTmp/CheckSymbolExists.c:26:19: error: use of undeclared identifier 'fseeko64'; did you mean 'fseeko'?
   26 |   return ((int*)(&fseeko64))[argc];
      |                   ^~~~~~~~
      |                   fseeko
/home/harveylwo/android_sdk_root/ndk/27.0.12077973/toolchains/llvm/prebuilt/linux-x86_64/sysroot/usr/include/stdio.h:235:5: note: 'fseeko' declared here
  235 | int fseeko(FILE* _Nonnull __fp, off_t __offset, int __whence);
      |     ^
1 error generated.
ninja: build stopped: subcommand failed.


File /home/harveylwo/android_sdl_pract/app/.cxx/RelWithDebInfo/1t2v3q20/arm64-v8a/CMakeFiles/CMakeTmp/CheckSymbolExists.c:
/* */
#include <float.h>
#include <iconv.h>
#include <inttypes.h>
#include <limits.h>
#include <malloc.h>
#include <math.h>
#include <memory.h>
#include <signal.h>
#include <stdarg.h>
#include <stdbool.h>
#include <stddef.h>
#include <stdint.h>
#include <stdio.h>
#include <stdlib.h>
#include <string.h>
#include <strings.h>
#include <sys/types.h>
#include <time.h>
#include <wchar.h>

int main(int argc, char** argv)
{
  (void)argv;
#ifndef fseeko64
  return ((int*)(&fseeko64))[argc];
#else
  (void)argc;
  return 0;
#endif
}
Determining if the _i64toa exist failed with the following output:
Change Dir: /home/harveylwo/android_sdl_pract/app/.cxx/RelWithDebInfo/1t2v3q20/arm64-v8a/CMakeFiles/CMakeTmp

Run Build Command(s):/home/harveylwo/android_sdk_root/cmake/3.22.1/bin/ninja cmTC_ba3c8 && [1/2] Building C object CMakeFiles/cmTC_ba3c8.dir/CheckSymbolExists.c.o
FAILED: CMakeFiles/cmTC_ba3c8.dir/CheckSymbolExists.c.o 
/home/harveylwo/android_sdk_root/ndk/27.0.12077973/toolchains/llvm/prebuilt/linux-x86_64/bin/clang --target=aarch64-none-linux-android21 --sysroot=/home/harveylwo/android_sdk_root/ndk/27.0.12077973/toolchains/llvm/prebuilt/linux-x86_64/sysroot   -g -DANDROID -fdata-sections -ffunction-sections -funwind-tables -fstack-protector-strong -no-canonical-prefixes -D_FORTIFY_SOURCE=2 -Wformat -Werror=format-security   -D_GNU_SOURCE=1 -fPIE -MD -MT CMakeFiles/cmTC_ba3c8.dir/CheckSymbolExists.c.o -MF CMakeFiles/cmTC_ba3c8.dir/CheckSymbolExists.c.o.d -o CMakeFiles/cmTC_ba3c8.dir/CheckSymbolExists.c.o -c /home/harveylwo/android_sdl_pract/app/.cxx/RelWithDebInfo/1t2v3q20/arm64-v8a/CMakeFiles/CMakeTmp/CheckSymbolExists.c
/home/harveylwo/android_sdl_pract/app/.cxx/RelWithDebInfo/1t2v3q20/arm64-v8a/CMakeFiles/CMakeTmp/CheckSymbolExists.c:26:19: error: use of undeclared identifier '_i64toa'
   26 |   return ((int*)(&_i64toa))[argc];
      |                   ^
1 error generated.
ninja: build stopped: subcommand failed.


File /home/harveylwo/android_sdl_pract/app/.cxx/RelWithDebInfo/1t2v3q20/arm64-v8a/CMakeFiles/CMakeTmp/CheckSymbolExists.c:
/* */
#include <float.h>
#include <iconv.h>
#include <inttypes.h>
#include <limits.h>
#include <malloc.h>
#include <math.h>
#include <memory.h>
#include <signal.h>
#include <stdarg.h>
#include <stdbool.h>
#include <stddef.h>
#include <stdint.h>
#include <stdio.h>
#include <stdlib.h>
#include <string.h>
#include <strings.h>
#include <sys/types.h>
#include <time.h>
#include <wchar.h>

int main(int argc, char** argv)
{
  (void)argv;
#ifndef _i64toa
  return ((int*)(&_i64toa))[argc];
#else
  (void)argc;
  return 0;
#endif
}
Determining if the index exist failed with the following output:
Change Dir: /home/harveylwo/android_sdl_pract/app/.cxx/RelWithDebInfo/1t2v3q20/arm64-v8a/CMakeFiles/CMakeTmp

Run Build Command(s):/home/harveylwo/android_sdk_root/cmake/3.22.1/bin/ninja cmTC_93d56 && [1/2] Building C object CMakeFiles/cmTC_93d56.dir/CheckSymbolExists.c.o
FAILED: CMakeFiles/cmTC_93d56.dir/CheckSymbolExists.c.o 
/home/harveylwo/android_sdk_root/ndk/27.0.12077973/toolchains/llvm/prebuilt/linux-x86_64/bin/clang --target=aarch64-none-linux-android21 --sysroot=/home/harveylwo/android_sdk_root/ndk/27.0.12077973/toolchains/llvm/prebuilt/linux-x86_64/sysroot   -g -DANDROID -fdata-sections -ffunction-sections -funwind-tables -fstack-protector-strong -no-canonical-prefixes -D_FORTIFY_SOURCE=2 -Wformat -Werror=format-security   -D_GNU_SOURCE=1 -fPIE -MD -MT CMakeFiles/cmTC_93d56.dir/CheckSymbolExists.c.o -MF CMakeFiles/cmTC_93d56.dir/CheckSymbolExists.c.o.d -o CMakeFiles/cmTC_93d56.dir/CheckSymbolExists.c.o -c /home/harveylwo/android_sdl_pract/app/.cxx/RelWithDebInfo/1t2v3q20/arm64-v8a/CMakeFiles/CMakeTmp/CheckSymbolExists.c
/home/harveylwo/android_sdl_pract/app/.cxx/RelWithDebInfo/1t2v3q20/arm64-v8a/CMakeFiles/CMakeTmp/CheckSymbolExists.c:26:19: error: call to undeclared library function 'index' with type 'char *(const char *, int)'; ISO C99 and later do not support implicit function declarations [-Wimplicit-function-declaration]
   26 |   return ((int*)(&index))[argc];
      |                   ^
/home/harveylwo/android_sdl_pract/app/.cxx/RelWithDebInfo/1t2v3q20/arm64-v8a/CMakeFiles/CMakeTmp/CheckSymbolExists.c:26:19: note: include the header <strings.h> or explicitly provide a declaration for 'index'
1 error generated.
ninja: build stopped: subcommand failed.


File /home/harveylwo/android_sdl_pract/app/.cxx/RelWithDebInfo/1t2v3q20/arm64-v8a/CMakeFiles/CMakeTmp/CheckSymbolExists.c:
/* */
#include <float.h>
#include <iconv.h>
#include <inttypes.h>
#include <limits.h>
#include <malloc.h>
#include <math.h>
#include <memory.h>
#include <signal.h>
#include <stdarg.h>
#include <stdbool.h>
#include <stddef.h>
#include <stdint.h>
#include <stdio.h>
#include <stdlib.h>
#include <string.h>
#include <strings.h>
#include <sys/types.h>
#include <time.h>
#include <wchar.h>

int main(int argc, char** argv)
{
  (void)argv;
#ifndef index
  return ((int*)(&index))[argc];
#else
  (void)argc;
  return 0;
#endif
}
Determining if the itoa exist failed with the following output:
Change Dir: /home/harveylwo/android_sdl_pract/app/.cxx/RelWithDebInfo/1t2v3q20/arm64-v8a/CMakeFiles/CMakeTmp

Run Build Command(s):/home/harveylwo/android_sdk_root/cmake/3.22.1/bin/ninja cmTC_24ebe && [1/2] Building C object CMakeFiles/cmTC_24ebe.dir/CheckSymbolExists.c.o
FAILED: CMakeFiles/cmTC_24ebe.dir/CheckSymbolExists.c.o 
/home/harveylwo/android_sdk_root/ndk/27.0.12077973/toolchains/llvm/prebuilt/linux-x86_64/bin/clang --target=aarch64-none-linux-android21 --sysroot=/home/harveylwo/android_sdk_root/ndk/27.0.12077973/toolchains/llvm/prebuilt/linux-x86_64/sysroot   -g -DANDROID -fdata-sections -ffunction-sections -funwind-tables -fstack-protector-strong -no-canonical-prefixes -D_FORTIFY_SOURCE=2 -Wformat -Werror=format-security   -D_GNU_SOURCE=1 -fPIE -MD -MT CMakeFiles/cmTC_24ebe.dir/CheckSymbolExists.c.o -MF CMakeFiles/cmTC_24ebe.dir/CheckSymbolExists.c.o.d -o CMakeFiles/cmTC_24ebe.dir/CheckSymbolExists.c.o -c /home/harveylwo/android_sdl_pract/app/.cxx/RelWithDebInfo/1t2v3q20/arm64-v8a/CMakeFiles/CMakeTmp/CheckSymbolExists.c
/home/harveylwo/android_sdl_pract/app/.cxx/RelWithDebInfo/1t2v3q20/arm64-v8a/CMakeFiles/CMakeTmp/CheckSymbolExists.c:26:19: error: use of undeclared identifier 'itoa'
   26 |   return ((int*)(&itoa))[argc];
      |                   ^
1 error generated.
ninja: build stopped: subcommand failed.


File /home/harveylwo/android_sdl_pract/app/.cxx/RelWithDebInfo/1t2v3q20/arm64-v8a/CMakeFiles/CMakeTmp/CheckSymbolExists.c:
/* */
#include <float.h>
#include <iconv.h>
#include <inttypes.h>
#include <limits.h>
#include <malloc.h>
#include <math.h>
#include <memory.h>
#include <signal.h>
#include <stdarg.h>
#include <stdbool.h>
#include <stddef.h>
#include <stdint.h>
#include <stdio.h>
#include <stdlib.h>
#include <string.h>
#include <strings.h>
#include <sys/types.h>
#include <time.h>
#include <wchar.h>

int main(int argc, char** argv)
{
  (void)argv;
#ifndef itoa
  return ((int*)(&itoa))[argc];
#else
  (void)argc;
  return 0;
#endif
}
Determining if the _ltoa exist failed with the following output:
Change Dir: /home/harveylwo/android_sdl_pract/app/.cxx/RelWithDebInfo/1t2v3q20/arm64-v8a/CMakeFiles/CMakeTmp

Run Build Command(s):/home/harveylwo/android_sdk_root/cmake/3.22.1/bin/ninja cmTC_66169 && [1/2] Building C object CMakeFiles/cmTC_66169.dir/CheckSymbolExists.c.o
FAILED: CMakeFiles/cmTC_66169.dir/CheckSymbolExists.c.o 
/home/harveylwo/android_sdk_root/ndk/27.0.12077973/toolchains/llvm/prebuilt/linux-x86_64/bin/clang --target=aarch64-none-linux-android21 --sysroot=/home/harveylwo/android_sdk_root/ndk/27.0.12077973/toolchains/llvm/prebuilt/linux-x86_64/sysroot   -g -DANDROID -fdata-sections -ffunction-sections -funwind-tables -fstack-protector-strong -no-canonical-prefixes -D_FORTIFY_SOURCE=2 -Wformat -Werror=format-security   -D_GNU_SOURCE=1 -fPIE -MD -MT CMakeFiles/cmTC_66169.dir/CheckSymbolExists.c.o -MF CMakeFiles/cmTC_66169.dir/CheckSymbolExists.c.o.d -o CMakeFiles/cmTC_66169.dir/CheckSymbolExists.c.o -c /home/harveylwo/android_sdl_pract/app/.cxx/RelWithDebInfo/1t2v3q20/arm64-v8a/CMakeFiles/CMakeTmp/CheckSymbolExists.c
/home/harveylwo/android_sdl_pract/app/.cxx/RelWithDebInfo/1t2v3q20/arm64-v8a/CMakeFiles/CMakeTmp/CheckSymbolExists.c:26:19: error: use of undeclared identifier '_ltoa'
   26 |   return ((int*)(&_ltoa))[argc];
      |                   ^
1 error generated.
ninja: build stopped: subcommand failed.


File /home/harveylwo/android_sdl_pract/app/.cxx/RelWithDebInfo/1t2v3q20/arm64-v8a/CMakeFiles/CMakeTmp/CheckSymbolExists.c:
/* */
#include <float.h>
#include <iconv.h>
#include <inttypes.h>
#include <limits.h>
#include <malloc.h>
#include <math.h>
#include <memory.h>
#include <signal.h>
#include <stdarg.h>
#include <stdbool.h>
#include <stddef.h>
#include <stdint.h>
#include <stdio.h>
#include <stdlib.h>
#include <string.h>
#include <strings.h>
#include <sys/types.h>
#include <time.h>
#include <wchar.h>

int main(int argc, char** argv)
{
  (void)argv;
#ifndef _ltoa
  return ((int*)(&_ltoa))[argc];
#else
  (void)argc;
  return 0;
#endif
}
Determining if the rindex exist failed with the following output:
Change Dir: /home/harveylwo/android_sdl_pract/app/.cxx/RelWithDebInfo/1t2v3q20/arm64-v8a/CMakeFiles/CMakeTmp

Run Build Command(s):/home/harveylwo/android_sdk_root/cmake/3.22.1/bin/ninja cmTC_7b2f2 && [1/2] Building C object CMakeFiles/cmTC_7b2f2.dir/CheckSymbolExists.c.o
FAILED: CMakeFiles/cmTC_7b2f2.dir/CheckSymbolExists.c.o 
/home/harveylwo/android_sdk_root/ndk/27.0.12077973/toolchains/llvm/prebuilt/linux-x86_64/bin/clang --target=aarch64-none-linux-android21 --sysroot=/home/harveylwo/android_sdk_root/ndk/27.0.12077973/toolchains/llvm/prebuilt/linux-x86_64/sysroot   -g -DANDROID -fdata-sections -ffunction-sections -funwind-tables -fstack-protector-strong -no-canonical-prefixes -D_FORTIFY_SOURCE=2 -Wformat -Werror=format-security   -D_GNU_SOURCE=1 -fPIE -MD -MT CMakeFiles/cmTC_7b2f2.dir/CheckSymbolExists.c.o -MF CMakeFiles/cmTC_7b2f2.dir/CheckSymbolExists.c.o.d -o CMakeFiles/cmTC_7b2f2.dir/CheckSymbolExists.c.o -c /home/harveylwo/android_sdl_pract/app/.cxx/RelWithDebInfo/1t2v3q20/arm64-v8a/CMakeFiles/CMakeTmp/CheckSymbolExists.c
/home/harveylwo/android_sdl_pract/app/.cxx/RelWithDebInfo/1t2v3q20/arm64-v8a/CMakeFiles/CMakeTmp/CheckSymbolExists.c:26:19: error: call to undeclared library function 'rindex' with type 'char *(const char *, int)'; ISO C99 and later do not support implicit function declarations [-Wimplicit-function-declaration]
   26 |   return ((int*)(&rindex))[argc];
      |                   ^
/home/harveylwo/android_sdl_pract/app/.cxx/RelWithDebInfo/1t2v3q20/arm64-v8a/CMakeFiles/CMakeTmp/CheckSymbolExists.c:26:19: note: include the header <strings.h> or explicitly provide a declaration for 'rindex'
1 error generated.
ninja: build stopped: subcommand failed.


File /home/harveylwo/android_sdl_pract/app/.cxx/RelWithDebInfo/1t2v3q20/arm64-v8a/CMakeFiles/CMakeTmp/CheckSymbolExists.c:
/* */
#include <float.h>
#include <iconv.h>
#include <inttypes.h>
#include <limits.h>
#include <malloc.h>
#include <math.h>
#include <memory.h>
#include <signal.h>
#include <stdarg.h>
#include <stdbool.h>
#include <stddef.h>
#include <stdint.h>
#include <stdio.h>
#include <stdlib.h>
#include <string.h>
#include <strings.h>
#include <sys/types.h>
#include <time.h>
#include <wchar.h>

int main(int argc, char** argv)
{
  (void)argv;
#ifndef rindex
  return ((int*)(&rindex))[argc];
#else
  (void)argc;
  return 0;
#endif
}
Determining if the sqr exist failed with the following output:
Change Dir: /home/harveylwo/android_sdl_pract/app/.cxx/RelWithDebInfo/1t2v3q20/arm64-v8a/CMakeFiles/CMakeTmp

Run Build Command(s):/home/harveylwo/android_sdk_root/cmake/3.22.1/bin/ninja cmTC_83efc && [1/2] Building C object CMakeFiles/cmTC_83efc.dir/CheckSymbolExists.c.o
FAILED: CMakeFiles/cmTC_83efc.dir/CheckSymbolExists.c.o 
/home/harveylwo/android_sdk_root/ndk/27.0.12077973/toolchains/llvm/prebuilt/linux-x86_64/bin/clang --target=aarch64-none-linux-android21 --sysroot=/home/harveylwo/android_sdk_root/ndk/27.0.12077973/toolchains/llvm/prebuilt/linux-x86_64/sysroot   -g -DANDROID -fdata-sections -ffunction-sections -funwind-tables -fstack-protector-strong -no-canonical-prefixes -D_FORTIFY_SOURCE=2 -Wformat -Werror=format-security   -D_GNU_SOURCE=1 -fPIE -MD -MT CMakeFiles/cmTC_83efc.dir/CheckSymbolExists.c.o -MF CMakeFiles/cmTC_83efc.dir/CheckSymbolExists.c.o.d -o CMakeFiles/cmTC_83efc.dir/CheckSymbolExists.c.o -c /home/harveylwo/android_sdl_pract/app/.cxx/RelWithDebInfo/1t2v3q20/arm64-v8a/CMakeFiles/CMakeTmp/CheckSymbolExists.c
/home/harveylwo/android_sdl_pract/app/.cxx/RelWithDebInfo/1t2v3q20/arm64-v8a/CMakeFiles/CMakeTmp/CheckSymbolExists.c:26:19: error: use of undeclared identifier 'sqr'; did you mean 'sqrt'?
   26 |   return ((int*)(&sqr))[argc];
      |                   ^~~
      |                   sqrt
/home/harveylwo/android_sdk_root/ndk/27.0.12077973/toolchains/llvm/prebuilt/linux-x86_64/sysroot/usr/include/math.h:200:8: note: 'sqrt' declared here
  200 | double sqrt(double __x);
      |        ^
1 error generated.
ninja: build stopped: subcommand failed.


File /home/harveylwo/android_sdl_pract/app/.cxx/RelWithDebInfo/1t2v3q20/arm64-v8a/CMakeFiles/CMakeTmp/CheckSymbolExists.c:
/* */
#include <float.h>
#include <iconv.h>
#include <inttypes.h>
#include <limits.h>
#include <malloc.h>
#include <math.h>
#include <memory.h>
#include <signal.h>
#include <stdarg.h>
#include <stdbool.h>
#include <stddef.h>
#include <stdint.h>
#include <stdio.h>
#include <stdlib.h>
#include <string.h>
#include <strings.h>
#include <sys/types.h>
#include <time.h>
#include <wchar.h>

int main(int argc, char** argv)
{
  (void)argv;
#ifndef sqr
  return ((int*)(&sqr))[argc];
#else
  (void)argc;
  return 0;
#endif
}
Determining if the strnstr exist failed with the following output:
Change Dir: /home/harveylwo/android_sdl_pract/app/.cxx/RelWithDebInfo/1t2v3q20/arm64-v8a/CMakeFiles/CMakeTmp

Run Build Command(s):/home/harveylwo/android_sdk_root/cmake/3.22.1/bin/ninja cmTC_9fef4 && [1/2] Building C object CMakeFiles/cmTC_9fef4.dir/CheckSymbolExists.c.o
FAILED: CMakeFiles/cmTC_9fef4.dir/CheckSymbolExists.c.o 
/home/harveylwo/android_sdk_root/ndk/27.0.12077973/toolchains/llvm/prebuilt/linux-x86_64/bin/clang --target=aarch64-none-linux-android21 --sysroot=/home/harveylwo/android_sdk_root/ndk/27.0.12077973/toolchains/llvm/prebuilt/linux-x86_64/sysroot   -g -DANDROID -fdata-sections -ffunction-sections -funwind-tables -fstack-protector-strong -no-canonical-prefixes -D_FORTIFY_SOURCE=2 -Wformat -Werror=format-security   -D_GNU_SOURCE=1 -fPIE -MD -MT CMakeFiles/cmTC_9fef4.dir/CheckSymbolExists.c.o -MF CMakeFiles/cmTC_9fef4.dir/CheckSymbolExists.c.o.d -o CMakeFiles/cmTC_9fef4.dir/CheckSymbolExists.c.o -c /home/harveylwo/android_sdl_pract/app/.cxx/RelWithDebInfo/1t2v3q20/arm64-v8a/CMakeFiles/CMakeTmp/CheckSymbolExists.c
/home/harveylwo/android_sdl_pract/app/.cxx/RelWithDebInfo/1t2v3q20/arm64-v8a/CMakeFiles/CMakeTmp/CheckSymbolExists.c:26:19: error: use of undeclared identifier 'strnstr'; did you mean 'strstr'?
   26 |   return ((int*)(&strnstr))[argc];
      |                   ^~~~~~~
      |                   strstr
/home/harveylwo/android_sdk_root/ndk/27.0.12077973/toolchains/llvm/prebuilt/linux-x86_64/sysroot/usr/include/string.h:117:17: note: 'strstr' declared here
  117 | char* _Nullable strstr(const char* _Nonnull __haystack, const char* _Nonnull __needle) __attribute_pure__;
      |                 ^
1 error generated.
ninja: build stopped: subcommand failed.


File /home/harveylwo/android_sdl_pract/app/.cxx/RelWithDebInfo/1t2v3q20/arm64-v8a/CMakeFiles/CMakeTmp/CheckSymbolExists.c:
/* */
#include <float.h>
#include <iconv.h>
#include <inttypes.h>
#include <limits.h>
#include <malloc.h>
#include <math.h>
#include <memory.h>
#include <signal.h>
#include <stdarg.h>
#include <stdbool.h>
#include <stddef.h>
#include <stdint.h>
#include <stdio.h>
#include <stdlib.h>
#include <string.h>
#include <strings.h>
#include <sys/types.h>
#include <time.h>
#include <wchar.h>

int main(int argc, char** argv)
{
  (void)argv;
#ifndef strnstr
  return ((int*)(&strnstr))[argc];
#else
  (void)argc;
  return 0;
#endif
}
Performing C SOURCE FILE Test LIBC_HAS_ISINFF failed with the following output:
Change Dir: /home/harveylwo/android_sdl_pract/app/.cxx/RelWithDebInfo/1t2v3q20/arm64-v8a/CMakeFiles/CMakeTmp

Run Build Command(s):/home/harveylwo/android_sdk_root/cmake/3.22.1/bin/ninja cmTC_2d487 && [1/2] Building C object CMakeFiles/cmTC_2d487.dir/src.c.o
FAILED: CMakeFiles/cmTC_2d487.dir/src.c.o 
/home/harveylwo/android_sdk_root/ndk/27.0.12077973/toolchains/llvm/prebuilt/linux-x86_64/bin/clang --target=aarch64-none-linux-android21 --sysroot=/home/harveylwo/android_sdk_root/ndk/27.0.12077973/toolchains/llvm/prebuilt/linux-x86_64/sysroot -DLIBC_HAS_ISINFF  -g -DANDROID -fdata-sections -ffunction-sections -funwind-tables -fstack-protector-strong -no-canonical-prefixes -D_FORTIFY_SOURCE=2 -Wformat -Werror=format-security   -D_GNU_SOURCE=1 -Wfloat-conversion -Werror -fPIE -MD -MT CMakeFiles/cmTC_2d487.dir/src.c.o -MF CMakeFiles/cmTC_2d487.dir/src.c.o.d -o CMakeFiles/cmTC_2d487.dir/src.c.o -c /home/harveylwo/android_sdl_pract/app/.cxx/RelWithDebInfo/1t2v3q20/arm64-v8a/CMakeFiles/CMakeTmp/src.c
/home/harveylwo/android_sdl_pract/app/.cxx/RelWithDebInfo/1t2v3q20/arm64-v8a/CMakeFiles/CMakeTmp/src.c:5:16: error: call to undeclared function 'isinff'; ISO C99 and later do not support implicit function declarations [-Wimplicit-function-declaration]
    5 |         return isinff(f);
      |                ^
/home/harveylwo/android_sdl_pract/app/.cxx/RelWithDebInfo/1t2v3q20/arm64-v8a/CMakeFiles/CMakeTmp/src.c:5:16: note: did you mean 'isinf'?
/home/harveylwo/android_sdk_root/ndk/27.0.12077973/toolchains/llvm/prebuilt/linux-x86_64/sysroot/usr/include/math.h:322:6: note: 'isinf' declared here
  322 | int (isinf)(double __x) __attribute_const__;
      |      ^
1 error generated.
ninja: build stopped: subcommand failed.


Source file was:

      #include <math.h>
      int main() {
        float f = 3.14159f;
        return isinff(f);
      }
    
Determining if the nl_langinfo exist failed with the following output:
Change Dir: /home/harveylwo/android_sdl_pract/app/.cxx/RelWithDebInfo/1t2v3q20/arm64-v8a/CMakeFiles/CMakeTmp

Run Build Command(s):/home/harveylwo/android_sdk_root/cmake/3.22.1/bin/ninja cmTC_a9b9b && [1/2] Building C object CMakeFiles/cmTC_a9b9b.dir/CheckSymbolExists.c.o
FAILED: CMakeFiles/cmTC_a9b9b.dir/CheckSymbolExists.c.o 
/home/harveylwo/android_sdk_root/ndk/27.0.12077973/toolchains/llvm/prebuilt/linux-x86_64/bin/clang --target=aarch64-none-linux-android21 --sysroot=/home/harveylwo/android_sdk_root/ndk/27.0.12077973/toolchains/llvm/prebuilt/linux-x86_64/sysroot   -g -DANDROID -fdata-sections -ffunction-sections -funwind-tables -fstack-protector-strong -no-canonical-prefixes -D_FORTIFY_SOURCE=2 -Wformat -Werror=format-security   -D_GNU_SOURCE=1 -fPIE -MD -MT CMakeFiles/cmTC_a9b9b.dir/CheckSymbolExists.c.o -MF CMakeFiles/cmTC_a9b9b.dir/CheckSymbolExists.c.o.d -o CMakeFiles/cmTC_a9b9b.dir/CheckSymbolExists.c.o -c /home/harveylwo/android_sdl_pract/app/.cxx/RelWithDebInfo/1t2v3q20/arm64-v8a/CMakeFiles/CMakeTmp/CheckSymbolExists.c
/home/harveylwo/android_sdl_pract/app/.cxx/RelWithDebInfo/1t2v3q20/arm64-v8a/CMakeFiles/CMakeTmp/CheckSymbolExists.c:8:19: error: use of undeclared identifier 'nl_langinfo'
    8 |   return ((int*)(&nl_langinfo))[argc];
      |                   ^
1 error generated.
ninja: build stopped: subcommand failed.


File /home/harveylwo/android_sdl_pract/app/.cxx/RelWithDebInfo/1t2v3q20/arm64-v8a/CMakeFiles/CMakeTmp/CheckSymbolExists.c:
/* */
#include <langinfo.h>

int main(int argc, char** argv)
{
  (void)argv;
#ifndef nl_langinfo
  return ((int*)(&nl_langinfo))[argc];
#else
  (void)argc;
  return 0;
#endif
}
Determining if the sysctlbyname exist failed with the following output:
Change Dir: /home/harveylwo/android_sdl_pract/app/.cxx/RelWithDebInfo/1t2v3q20/arm64-v8a/CMakeFiles/CMakeTmp

Run Build Command(s):/home/harveylwo/android_sdk_root/cmake/3.22.1/bin/ninja cmTC_f425b && [1/2] Building C object CMakeFiles/cmTC_f425b.dir/CheckSymbolExists.c.o
FAILED: CMakeFiles/cmTC_f425b.dir/CheckSymbolExists.c.o 
/home/harveylwo/android_sdk_root/ndk/27.0.12077973/toolchains/llvm/prebuilt/linux-x86_64/bin/clang --target=aarch64-none-linux-android21 --sysroot=/home/harveylwo/android_sdk_root/ndk/27.0.12077973/toolchains/llvm/prebuilt/linux-x86_64/sysroot   -g -DANDROID -fdata-sections -ffunction-sections -funwind-tables -fstack-protector-strong -no-canonical-prefixes -D_FORTIFY_SOURCE=2 -Wformat -Werror=format-security   -D_GNU_SOURCE=1 -fPIE -MD -MT CMakeFiles/cmTC_f425b.dir/CheckSymbolExists.c.o -MF CMakeFiles/cmTC_f425b.dir/CheckSymbolExists.c.o.d -o CMakeFiles/cmTC_f425b.dir/CheckSymbolExists.c.o -c /home/harveylwo/android_sdl_pract/app/.cxx/RelWithDebInfo/1t2v3q20/arm64-v8a/CMakeFiles/CMakeTmp/CheckSymbolExists.c
/home/harveylwo/android_sdl_pract/app/.cxx/RelWithDebInfo/1t2v3q20/arm64-v8a/CMakeFiles/CMakeTmp/CheckSymbolExists.c:3:10: fatal error: 'sys/sysctl.h' file not found
    3 | #include <sys/sysctl.h>
      |          ^~~~~~~~~~~~~~
1 error generated.
ninja: build stopped: subcommand failed.


File /home/harveylwo/android_sdl_pract/app/.cxx/RelWithDebInfo/1t2v3q20/arm64-v8a/CMakeFiles/CMakeTmp/CheckSymbolExists.c:
/* */
#include <sys/types.h>
#include <sys/sysctl.h>

int main(int argc, char** argv)
{
  (void)argv;
#ifndef sysctlbyname
  return ((int*)(&sysctlbyname))[argc];
#else
  (void)argc;
  return 0;
#endif
}
Determining if the elf_aux_info exist failed with the following output:
Change Dir: /home/harveylwo/android_sdl_pract/app/.cxx/RelWithDebInfo/1t2v3q20/arm64-v8a/CMakeFiles/CMakeTmp

Run Build Command(s):/home/harveylwo/android_sdk_root/cmake/3.22.1/bin/ninja cmTC_3ad79 && [1/2] Building C object CMakeFiles/cmTC_3ad79.dir/CheckSymbolExists.c.o
FAILED: CMakeFiles/cmTC_3ad79.dir/CheckSymbolExists.c.o 
/home/harveylwo/android_sdk_root/ndk/27.0.12077973/toolchains/llvm/prebuilt/linux-x86_64/bin/clang --target=aarch64-none-linux-android21 --sysroot=/home/harveylwo/android_sdk_root/ndk/27.0.12077973/toolchains/llvm/prebuilt/linux-x86_64/sysroot   -g -DANDROID -fdata-sections -ffunction-sections -funwind-tables -fstack-protector-strong -no-canonical-prefixes -D_FORTIFY_SOURCE=2 -Wformat -Werror=format-security   -D_GNU_SOURCE=1 -fPIE -MD -MT CMakeFiles/cmTC_3ad79.dir/CheckSymbolExists.c.o -MF CMakeFiles/cmTC_3ad79.dir/CheckSymbolExists.c.o.d -o CMakeFiles/cmTC_3ad79.dir/CheckSymbolExists.c.o -c /home/harveylwo/android_sdl_pract/app/.cxx/RelWithDebInfo/1t2v3q20/arm64-v8a/CMakeFiles/CMakeTmp/CheckSymbolExists.c
/home/harveylwo/android_sdl_pract/app/.cxx/RelWithDebInfo/1t2v3q20/arm64-v8a/CMakeFiles/CMakeTmp/CheckSymbolExists.c:8:19: error: use of undeclared identifier 'elf_aux_info'
    8 |   return ((int*)(&elf_aux_info))[argc];
      |                   ^
1 error generated.
ninja: build stopped: subcommand failed.


File /home/harveylwo/android_sdl_pract/app/.cxx/RelWithDebInfo/1t2v3q20/arm64-v8a/CMakeFiles/CMakeTmp/CheckSymbolExists.c:
/* */
#include <sys/auxv.h>

int main(int argc, char** argv)
{
  (void)argv;
#ifndef elf_aux_info
  return ((int*)(&elf_aux_info))[argc];
#else
  (void)argc;
  return 0;
#endif
}
Determining if the memfd_create exist failed with the following output:
Change Dir: /home/harveylwo/android_sdl_pract/app/.cxx/RelWithDebInfo/1t2v3q20/arm64-v8a/CMakeFiles/CMakeTmp

Run Build Command(s):/home/harveylwo/android_sdk_root/cmake/3.22.1/bin/ninja cmTC_e13ea && [1/2] Building C object CMakeFiles/cmTC_e13ea.dir/CheckSymbolExists.c.o
FAILED: CMakeFiles/cmTC_e13ea.dir/CheckSymbolExists.c.o 
/home/harveylwo/android_sdk_root/ndk/27.0.12077973/toolchains/llvm/prebuilt/linux-x86_64/bin/clang --target=aarch64-none-linux-android21 --sysroot=/home/harveylwo/android_sdk_root/ndk/27.0.12077973/toolchains/llvm/prebuilt/linux-x86_64/sysroot   -g -DANDROID -fdata-sections -ffunction-sections -funwind-tables -fstack-protector-strong -no-canonical-prefixes -D_FORTIFY_SOURCE=2 -Wformat -Werror=format-security   -D_GNU_SOURCE=1 -fPIE -MD -MT CMakeFiles/cmTC_e13ea.dir/CheckSymbolExists.c.o -MF CMakeFiles/cmTC_e13ea.dir/CheckSymbolExists.c.o.d -o CMakeFiles/cmTC_e13ea.dir/CheckSymbolExists.c.o -c /home/harveylwo/android_sdl_pract/app/.cxx/RelWithDebInfo/1t2v3q20/arm64-v8a/CMakeFiles/CMakeTmp/CheckSymbolExists.c
/home/harveylwo/android_sdl_pract/app/.cxx/RelWithDebInfo/1t2v3q20/arm64-v8a/CMakeFiles/CMakeTmp/CheckSymbolExists.c:8:19: error: use of undeclared identifier 'memfd_create'
    8 |   return ((int*)(&memfd_create))[argc];
      |                   ^
1 error generated.
ninja: build stopped: subcommand failed.


File /home/harveylwo/android_sdl_pract/app/.cxx/RelWithDebInfo/1t2v3q20/arm64-v8a/CMakeFiles/CMakeTmp/CheckSymbolExists.c:
/* */
#include <sys/mman.h>

int main(int argc, char** argv)
{
  (void)argv;
#ifndef memfd_create
  return ((int*)(&memfd_create))[argc];
#else
  (void)argc;
  return 0;
#endif
}
Performing C SOURCE FILE Test ICONV_IN_LIBC failed with the following output:
Change Dir: /home/harveylwo/android_sdl_pract/app/.cxx/RelWithDebInfo/1t2v3q20/arm64-v8a/CMakeFiles/CMakeTmp

Run Build Command(s):/home/harveylwo/android_sdk_root/cmake/3.22.1/bin/ninja cmTC_99990 && [1/2] Building C object CMakeFiles/cmTC_99990.dir/src.c.o
FAILED: CMakeFiles/cmTC_99990.dir/src.c.o 
/home/harveylwo/android_sdk_root/ndk/27.0.12077973/toolchains/llvm/prebuilt/linux-x86_64/bin/clang --target=aarch64-none-linux-android21 --sysroot=/home/harveylwo/android_sdk_root/ndk/27.0.12077973/toolchains/llvm/prebuilt/linux-x86_64/sysroot -DICONV_IN_LIBC  -g -DANDROID -fdata-sections -ffunction-sections -funwind-tables -fstack-protector-strong -no-canonical-prefixes -D_FORTIFY_SOURCE=2 -Wformat -Werror=format-security   -D_GNU_SOURCE=1 -fPIE -MD -MT CMakeFiles/cmTC_99990.dir/src.c.o -MF CMakeFiles/cmTC_99990.dir/src.c.o.d -o CMakeFiles/cmTC_99990.dir/src.c.o -c /home/harveylwo/android_sdl_pract/app/.cxx/RelWithDebInfo/1t2v3q20/arm64-v8a/CMakeFiles/CMakeTmp/src.c
/home/harveylwo/android_sdl_pract/app/.cxx/RelWithDebInfo/1t2v3q20/arm64-v8a/CMakeFiles/CMakeTmp/src.c:6:21: error: call to undeclared function 'iconv_open'; ISO C99 and later do not support implicit function declarations [-Wimplicit-function-declaration]
    6 |             return !iconv_open(NULL,NULL);
      |                     ^
1 error generated.
ninja: build stopped: subcommand failed.


Source file was:

        #define LIBICONV_PLUG 1 /* in case libiconv header is in include path */
        #include <stddef.h>
        #include <iconv.h>
        int main(int argc, char **argv) {
            return !iconv_open(NULL,NULL);
        }
Performing C SOURCE FILE Test ICONV_IN_LIBICONV failed with the following output:
Change Dir: /home/harveylwo/android_sdl_pract/app/.cxx/RelWithDebInfo/1t2v3q20/arm64-v8a/CMakeFiles/CMakeTmp

Run Build Command(s):/home/harveylwo/android_sdk_root/cmake/3.22.1/bin/ninja cmTC_17b1b && [1/2] Building C object CMakeFiles/cmTC_17b1b.dir/src.c.o
FAILED: CMakeFiles/cmTC_17b1b.dir/src.c.o 
/home/harveylwo/android_sdk_root/ndk/27.0.12077973/toolchains/llvm/prebuilt/linux-x86_64/bin/clang --target=aarch64-none-linux-android21 --sysroot=/home/harveylwo/android_sdk_root/ndk/27.0.12077973/toolchains/llvm/prebuilt/linux-x86_64/sysroot -DICONV_IN_LIBICONV  -g -DANDROID -fdata-sections -ffunction-sections -funwind-tables -fstack-protector-strong -no-canonical-prefixes -D_FORTIFY_SOURCE=2 -Wformat -Werror=format-security   -D_GNU_SOURCE=1 -fPIE -MD -MT CMakeFiles/cmTC_17b1b.dir/src.c.o -MF CMakeFiles/cmTC_17b1b.dir/src.c.o.d -o CMakeFiles/cmTC_17b1b.dir/src.c.o -c /home/harveylwo/android_sdl_pract/app/.cxx/RelWithDebInfo/1t2v3q20/arm64-v8a/CMakeFiles/CMakeTmp/src.c
/home/harveylwo/android_sdl_pract/app/.cxx/RelWithDebInfo/1t2v3q20/arm64-v8a/CMakeFiles/CMakeTmp/src.c:5:21: error: call to undeclared function 'iconv_open'; ISO C99 and later do not support implicit function declarations [-Wimplicit-function-declaration]
    5 |             return !iconv_open(NULL,NULL);
      |                     ^
1 error generated.
ninja: build stopped: subcommand failed.


Source file was:

        #include <stddef.h>
        #include <iconv.h>
        int main(int argc, char **argv) {
            return !iconv_open(NULL,NULL);
        }
Performing C SOURCE FILE Test HAVE_ARM_MODE failed with the following output:
Change Dir: /home/harveylwo/android_sdl_pract/app/.cxx/RelWithDebInfo/1t2v3q20/arm64-v8a/CMakeFiles/CMakeTmp

Run Build Command(s):/home/harveylwo/android_sdk_root/cmake/3.22.1/bin/ninja cmTC_4837a && [1/2] Building C object CMakeFiles/cmTC_4837a.dir/src.c.o
FAILED: CMakeFiles/cmTC_4837a.dir/src.c.o 
/home/harveylwo/android_sdk_root/ndk/27.0.12077973/toolchains/llvm/prebuilt/linux-x86_64/bin/clang --target=aarch64-none-linux-android21 --sysroot=/home/harveylwo/android_sdk_root/ndk/27.0.12077973/toolchains/llvm/prebuilt/linux-x86_64/sysroot -DHAVE_ARM_MODE  -g -DANDROID -fdata-sections -ffunction-sections -funwind-tables -fstack-protector-strong -no-canonical-prefixes -D_FORTIFY_SOURCE=2 -Wformat -Werror=format-security   -D_GNU_SOURCE=1 -Werror=unused-command-line-argument -fPIE   -marm -MD -MT CMakeFiles/cmTC_4837a.dir/src.c.o -MF CMakeFiles/cmTC_4837a.dir/src.c.o.d -o CMakeFiles/cmTC_4837a.dir/src.c.o -c /home/harveylwo/android_sdl_pract/app/.cxx/RelWithDebInfo/1t2v3q20/arm64-v8a/CMakeFiles/CMakeTmp/src.c
clang: error: unsupported option '-mno-thumb' for target 'aarch64-none-linux-android21'
ninja: build stopped: subcommand failed.


Source file was:
int main(void) { return 0; }
Determining if the include file pthread_np.h exists failed with the following output:
Change Dir: /home/harveylwo/android_sdl_pract/app/.cxx/RelWithDebInfo/1t2v3q20/arm64-v8a/CMakeFiles/CMakeTmp

Run Build Command(s):/home/harveylwo/android_sdk_root/cmake/3.22.1/bin/ninja cmTC_1361b && [1/2] Building C object CMakeFiles/cmTC_1361b.dir/CheckIncludeFile.c.o
FAILED: CMakeFiles/cmTC_1361b.dir/CheckIncludeFile.c.o 
/home/harveylwo/android_sdk_root/ndk/27.0.12077973/toolchains/llvm/prebuilt/linux-x86_64/bin/clang --target=aarch64-none-linux-android21 --sysroot=/home/harveylwo/android_sdk_root/ndk/27.0.12077973/toolchains/llvm/prebuilt/linux-x86_64/sysroot   -g -DANDROID -fdata-sections -ffunction-sections -funwind-tables -fstack-protector-strong -no-canonical-prefixes -D_FORTIFY_SOURCE=2 -Wformat -Werror=format-security   -D_GNU_SOURCE=1 -fPIE -MD -MT CMakeFiles/cmTC_1361b.dir/CheckIncludeFile.c.o -MF CMakeFiles/cmTC_1361b.dir/CheckIncludeFile.c.o.d -o CMakeFiles/cmTC_1361b.dir/CheckIncludeFile.c.o -c /home/harveylwo/android_sdl_pract/app/.cxx/RelWithDebInfo/1t2v3q20/arm64-v8a/CMakeFiles/CMakeTmp/CheckIncludeFile.c
/home/harveylwo/android_sdl_pract/app/.cxx/RelWithDebInfo/1t2v3q20/arm64-v8a/CMakeFiles/CMakeTmp/CheckIncludeFile.c:1:10: fatal error: 'pthread_np.h' file not found
    1 | #include <pthread_np.h>
      |          ^~~~~~~~~~~~~~
1 error generated.
ninja: build stopped: subcommand failed.



Performing C SOURCE FILE Test HAVE_POSIX_SPAWN failed with the following output:
Change Dir: /home/harveylwo/android_sdl_pract/app/.cxx/RelWithDebInfo/1t2v3q20/arm64-v8a/CMakeFiles/CMakeTmp

Run Build Command(s):/home/harveylwo/android_sdk_root/cmake/3.22.1/bin/ninja cmTC_b958d && [1/2] Building C object CMakeFiles/cmTC_b958d.dir/src.c.o
FAILED: CMakeFiles/cmTC_b958d.dir/src.c.o 
/home/harveylwo/android_sdk_root/ndk/27.0.12077973/toolchains/llvm/prebuilt/linux-x86_64/bin/clang --target=aarch64-none-linux-android21 --sysroot=/home/harveylwo/android_sdk_root/ndk/27.0.12077973/toolchains/llvm/prebuilt/linux-x86_64/sysroot -DHAVE_POSIX_SPAWN  -g -DANDROID -fdata-sections -ffunction-sections -funwind-tables -fstack-protector-strong -no-canonical-prefixes -D_FORTIFY_SOURCE=2 -Wformat -Werror=format-security   -D_GNU_SOURCE=1 -fPIE -MD -MT CMakeFiles/cmTC_b958d.dir/src.c.o -MF CMakeFiles/cmTC_b958d.dir/src.c.o.d -o CMakeFiles/cmTC_b958d.dir/src.c.o -c /home/harveylwo/android_sdl_pract/app/.cxx/RelWithDebInfo/1t2v3q20/arm64-v8a/CMakeFiles/CMakeTmp/src.c
/home/harveylwo/android_sdl_pract/app/.cxx/RelWithDebInfo/1t2v3q20/arm64-v8a/CMakeFiles/CMakeTmp/src.c:22:5: error: call to undeclared function 'posix_spawnattr_init'; ISO C99 and later do not support implicit function declarations [-Wimplicit-function-declaration]
   22 |     posix_spawnattr_init(&attr);
      |     ^
/home/harveylwo/android_sdl_pract/app/.cxx/RelWithDebInfo/1t2v3q20/arm64-v8a/CMakeFiles/CMakeTmp/src.c:23:5: error: call to undeclared function 'posix_spawn_file_actions_init'; ISO C99 and later do not support implicit function declarations [-Wimplicit-function-declaration]
   23 |     posix_spawn_file_actions_init(&fa);
      |     ^
/home/harveylwo/android_sdl_pract/app/.cxx/RelWithDebInfo/1t2v3q20/arm64-v8a/CMakeFiles/CMakeTmp/src.c:25:5: error: call to undeclared function 'posix_spawn_file_actions_addclose'; ISO C99 and later do not support implicit function declarations [-Wimplicit-function-declaration]
   25 |     posix_spawn_file_actions_addclose(&fa, pipes[0]);
      |     ^
/home/harveylwo/android_sdl_pract/app/.cxx/RelWithDebInfo/1t2v3q20/arm64-v8a/CMakeFiles/CMakeTmp/src.c:26:5: error: call to undeclared function 'posix_spawn_file_actions_adddup2'; ISO C99 and later do not support implicit function declarations [-Wimplicit-function-declaration]
   26 |     posix_spawn_file_actions_adddup2(&fa, pipes[1], STDOUT_FILENO);
      |     ^
/home/harveylwo/android_sdl_pract/app/.cxx/RelWithDebInfo/1t2v3q20/arm64-v8a/CMakeFiles/CMakeTmp/src.c:28:5: error: call to undeclared function 'posix_spawn'; ISO C99 and later do not support implicit function declarations [-Wimplicit-function-declaration]
   28 |     posix_spawn(&pid, args[0], &fa, &attr, (char * const *) args, (char * const *) env);
      |     ^
/home/harveylwo/android_sdl_pract/app/.cxx/RelWithDebInfo/1t2v3q20/arm64-v8a/CMakeFiles/CMakeTmp/src.c:29:5: error: call to undeclared function 'posix_spawnp'; ISO C99 and later do not support implicit function declarations [-Wimplicit-function-declaration]
   29 |     posix_spawnp(&pid, args[0], &fa, &attr, (char * const *) args, (char * const *) env);
      |     ^
/home/harveylwo/android_sdl_pract/app/.cxx/RelWithDebInfo/1t2v3q20/arm64-v8a/CMakeFiles/CMakeTmp/src.c:31:5: error: call to undeclared function 'posix_spawn_file_actions_destroy'; ISO C99 and later do not support implicit function declarations [-Wimplicit-function-declaration]
   31 |     posix_spawn_file_actions_destroy(&fa);
      |     ^
/home/harveylwo/android_sdl_pract/app/.cxx/RelWithDebInfo/1t2v3q20/arm64-v8a/CMakeFiles/CMakeTmp/src.c:32:5: error: call to undeclared function 'posix_spawnattr_destroy'; ISO C99 and later do not support implicit function declarations [-Wimplicit-function-declaration]
   32 |     posix_spawnattr_destroy(&attr);
      |     ^
8 errors generated.
ninja: build stopped: subcommand failed.


Source file was:

#include <spawn.h>
#include <unistd.h>

int main(void)
{
    int pipes[2];
    int pid;

    const char * args[] = {
      "/bin/false",
      NULL
    };

    const char * env[] = { NULL };

    pipe(pipes);

    posix_spawnattr_t attr;
    posix_spawn_file_actions_t fa;

    posix_spawnattr_init(&attr);
    posix_spawn_file_actions_init(&fa);

    posix_spawn_file_actions_addclose(&fa, pipes[0]);
    posix_spawn_file_actions_adddup2(&fa, pipes[1], STDOUT_FILENO);

    posix_spawn(&pid, args[0], &fa, &attr, (char * const *) args, (char * const *) env);
    posix_spawnp(&pid, args[0], &fa, &attr, (char * const *) args, (char * const *) env);

    posix_spawn_file_actions_destroy(&fa);
    posix_spawnattr_destroy(&attr);

    return 0;
}

